# JRE version: Java(TM) SE Runtime Environment (8.0_131-b11) (build 1.8.0_131-b11)
# Java VM: Java HotSpot(TM) 64-Bit Server VM (25.131-b11 mixed mode windows-amd64 compressed oops)
Heap:
 PSYoungGen      total 225792K, used 34275K [0x00000000e0000000, 0x00000000f1580000, 0x0000000100000000)
  eden space 182784K, 18% used [0x00000000e0000000,0x00000000e2178fe0,0x00000000eb280000)
  from space 43008K, 0% used [0x00000000eb280000,0x00000000eb280000,0x00000000edc80000)
  to   space 22528K, 0% used [0x00000000edc80000,0x00000000edc80000,0x00000000ef280000)
 ParOldGen       total 135168K, used 78634K [0x00000000a0000000, 0x00000000a8400000, 0x00000000e0000000)
  object space 135168K, 58% used [0x00000000a0000000,0x00000000a4ccab28,0x00000000a8400000)
 Metaspace       used 75975K, capacity 78680K, committed 78848K, reserved 1118208K
  class space    used 10247K, capacity 10977K, committed 11008K, reserved 1048576K
GC Heap History (10 events):
Event: 11.379 GC heap before
{Heap before GC invocations=15 (full 3):
 PSYoungGen      total 187904K, used 5614K [0x00000000e0000000, 0x00000000ed500000, 0x0000000100000000)
  eden space 167936K, 0% used [0x00000000e0000000,0x00000000e0000000,0x00000000ea400000)
  from space 19968K, 28% used [0x00000000eb780000,0x00000000ebcfb968,0x00000000ecb00000)
  to   space 19968K, 0% used [0x00000000ea400000,0x00000000ea400000,0x00000000eb780000)
 ParOldGen       total 88576K, used 39307K [0x00000000a0000000, 0x00000000a5680000, 0x00000000e0000000)
  object space 88576K, 44% used [0x00000000a0000000,0x00000000a2662c70,0x00000000a5680000)
 Metaspace       used 56914K, capacity 58984K, committed 59028K, reserved 1099776K
  class space    used 7864K, capacity 8425K, committed 8448K, reserved 1048576K
Event: 11.592 GC heap after
Heap after GC invocations=15 (full 3):
 PSYoungGen      total 187904K, used 0K [0x00000000e0000000, 0x00000000ed500000, 0x0000000100000000)
  eden space 167936K, 0% used [0x00000000e0000000,0x00000000e0000000,0x00000000ea400000)
  from space 19968K, 0% used [0x00000000eb780000,0x00000000eb780000,0x00000000ecb00000)
  to   space 19968K, 0% used [0x00000000ea400000,0x00000000ea400000,0x00000000eb780000)
 ParOldGen       total 135168K, used 38818K [0x00000000a0000000, 0x00000000a8400000, 0x00000000e0000000)
  object space 135168K, 28% used [0x00000000a0000000,0x00000000a25e8b18,0x00000000a8400000)
 Metaspace       used 56914K, capacity 58984K, committed 59028K, reserved 1099776K
  class space    used 7864K, capacity 8425K, committed 8448K, reserved 1048576K
}
Event: 14.227 GC heap before
{Heap before GC invocations=16 (full 3):
 PSYoungGen      total 187904K, used 167936K [0x00000000e0000000, 0x00000000ed500000, 0x0000000100000000)
  eden space 167936K, 100% used [0x00000000e0000000,0x00000000ea400000,0x00000000ea400000)
  from space 19968K, 0% used [0x00000000eb780000,0x00000000eb780000,0x00000000ecb00000)
  to   space 19968K, 0% used [0x00000000ea400000,0x00000000ea400000,0x00000000eb780000)
 ParOldGen       total 135168K, used 38818K [0x00000000a0000000, 0x00000000a8400000, 0x00000000e0000000)
  object space 135168K, 28% used [0x00000000a0000000,0x00000000a25e8b18,0x00000000a8400000)
 Metaspace       used 63125K, capacity 65636K, committed 65792K, reserved 1105920K
  class space    used 8746K, capacity 9377K, committed 9472K, reserved 1048576K
Event: 14.244 GC heap after
Heap after GC invocations=16 (full 3):
 PSYoungGen      total 187904K, used 19877K [0x00000000e0000000, 0x00000000ef280000, 0x0000000100000000)
  eden space 167936K, 0% used [0x00000000e0000000,0x00000000e0000000,0x00000000ea400000)
  from space 19968K, 99% used [0x00000000ea400000,0x00000000eb769458,0x00000000eb780000)
  to   space 22528K, 0% used [0x00000000edc80000,0x00000000edc80000,0x00000000ef280000)
 ParOldGen       total 135168K, used 38826K [0x00000000a0000000, 0x00000000a8400000, 0x00000000e0000000)
  object space 135168K, 28% used [0x00000000a0000000,0x00000000a25eab18,0x00000000a8400000)
 Metaspace       used 63125K, capacity 65636K, committed 65792K, reserved 1105920K
  class space    used 8746K, capacity 9377K, committed 9472K, reserved 1048576K
}
Event: 36.658 GC heap before
{Heap before GC invocations=17 (full 3):
 PSYoungGen      total 187904K, used 187813K [0x00000000e0000000, 0x00000000ef280000, 0x0000000100000000)
  eden space 167936K, 100% used [0x00000000e0000000,0x00000000ea400000,0x00000000ea400000)
  from space 19968K, 99% used [0x00000000ea400000,0x00000000eb769458,0x00000000eb780000)
  to   space 22528K, 0% used [0x00000000edc80000,0x00000000edc80000,0x00000000ef280000)
 ParOldGen       total 135168K, used 38826K [0x00000000a0000000, 0x00000000a8400000, 0x00000000e0000000)
  object space 135168K, 28% used [0x00000000a0000000,0x00000000a25eab18,0x00000000a8400000)
 Metaspace       used 72844K, capacity 75412K, committed 75648K, reserved 1114112K
  class space    used 9940K, capacity 10617K, committed 10624K, reserved 1048576K
Event: 36.711 GC heap after
Heap after GC invocations=17 (full 3):
 PSYoungGen      total 205312K, used 22504K [0x00000000e0000000, 0x00000000f1580000, 0x0000000100000000)
  eden space 182784K, 0% used [0x00000000e0000000,0x00000000e0000000,0x00000000eb280000)
  from space 22528K, 99% used [0x00000000edc80000,0x00000000ef27a288,0x00000000ef280000)
  to   space 43008K, 0% used [0x00000000eb280000,0x00000000eb280000,0x00000000edc80000)
 ParOldGen       total 135168K, used 85472K [0x00000000a0000000, 0x00000000a8400000, 0x00000000e0000000)
  object space 135168K, 63% used [0x00000000a0000000,0x00000000a53780b8,0x00000000a8400000)
 Metaspace       used 72844K, capacity 75412K, committed 75648K, reserved 1114112K
  class space    used 9940K, capacity 10617K, committed 10624K, reserved 1048576K
}
Event: 37.904 GC heap before
{Heap before GC invocations=18 (full 3):
 PSYoungGen      total 205312K, used 205288K [0x00000000e0000000, 0x00000000f1580000, 0x0000000100000000)
  eden space 182784K, 100% used [0x00000000e0000000,0x00000000eb280000,0x00000000eb280000)
  from space 22528K, 99% used [0x00000000edc80000,0x00000000ef27a288,0x00000000ef280000)
  to   space 43008K, 0% used [0x00000000eb280000,0x00000000eb280000,0x00000000edc80000)
 ParOldGen       total 135168K, used 85472K [0x00000000a0000000, 0x00000000a8400000, 0x00000000e0000000)
  object space 135168K, 63% used [0x00000000a0000000,0x00000000a53780b8,0x00000000a8400000)
 Metaspace       used 75033K, capacity 77622K, committed 77952K, reserved 1116160K
  class space    used 10126K, capacity 10816K, committed 10880K, reserved 1048576K
Event: 37.939 GC heap after
Heap after GC invocations=18 (full 3):
 PSYoungGen      total 225792K, used 23486K [0x00000000e0000000, 0x00000000f1580000, 0x0000000100000000)
  eden space 182784K, 0% used [0x00000000e0000000,0x00000000e0000000,0x00000000eb280000)
  from space 43008K, 54% used [0x00000000eb280000,0x00000000ec96faf8,0x00000000edc80000)
  to   space 22528K, 0% used [0x00000000edc80000,0x00000000edc80000,0x00000000ef280000)
 ParOldGen       total 135168K, used 107658K [0x00000000a0000000, 0x00000000a8400000, 0x00000000e0000000)
  object space 135168K, 79% used [0x00000000a0000000,0x00000000a6922900,0x00000000a8400000)
 Metaspace       used 75033K, capacity 77622K, committed 77952K, reserved 1116160K
  class space    used 10126K, capacity 10816K, committed 10880K, reserved 1048576K
}
Event: 37.939 GC heap before
{Heap before GC invocations=19 (full 4):
 PSYoungGen      total 225792K, used 23486K [0x00000000e0000000, 0x00000000f1580000, 0x0000000100000000)
  eden space 182784K, 0% used [0x00000000e0000000,0x00000000e0000000,0x00000000eb280000)
  from space 43008K, 54% used [0x00000000eb280000,0x00000000ec96faf8,0x00000000edc80000)
  to   space 22528K, 0% used [0x00000000edc80000,0x00000000edc80000,0x00000000ef280000)
 ParOldGen       total 135168K, used 107658K [0x00000000a0000000, 0x00000000a8400000, 0x00000000e0000000)
  object space 135168K, 79% used [0x00000000a0000000,0x00000000a6922900,0x00000000a8400000)
 Metaspace       used 75033K, capacity 77622K, committed 77952K, reserved 1116160K
  class space    used 10126K, capacity 10816K, committed 10880K, reserved 1048576K
Event: 38.132 GC heap after
Heap after GC invocations=19 (full 4):
 PSYoungGen      total 225792K, used 0K [0x00000000e0000000, 0x00000000f1580000, 0x0000000100000000)
  eden space 182784K, 0% used [0x00000000e0000000,0x00000000e0000000,0x00000000eb280000)
  from space 43008K, 0% used [0x00000000eb280000,0x00000000eb280000,0x00000000edc80000)
  to   space 22528K, 0% used [0x00000000edc80000,0x00000000edc80000,0x00000000ef280000)
 ParOldGen       total 135168K, used 78634K [0x00000000a0000000, 0x00000000a8400000, 0x00000000e0000000)
  object space 135168K, 58% used [0x00000000a0000000,0x00000000a4ccab28,0x00000000a8400000)
 Metaspace       used 75026K, capacity 77604K, committed 77952K, reserved 1116160K
  class space    used 10124K, capacity 10813K, committed 10880K, reserved 1048576K
}

